[2020-11-22 05:31:47.107] [renderer1] [error] [storage state.vscdb] prepare(): Error: SQLITE_READONLY_DBMOVED: attempt to write a readonly database (INSERT INTO ItemTable VALUES (?,?)). Details: Keys: editor.matchCase Length: 4
[2020-11-22 05:31:47.425] [renderer1] [error] [storage state.vscdb] prepare(): Error: SQLITE_READONLY_DBMOVED: attempt to write a readonly database (INSERT INTO ItemTable VALUES (?,?)). Details: Keys: editor.wholeWord Length: 4
[2020-11-22 05:31:51.040] [renderer1] [error] [storage state.vscdb] prepare(): Error: SQLITE_READONLY_DBMOVED: attempt to write a readonly database (INSERT INTO ItemTable VALUES (?,?)). Details: Keys: memento/workbench.editors.files.textFileEditor Length: 3174
[2020-11-22 05:32:51.043] [renderer1] [error] [storage state.vscdb] prepare(): Error: SQLITE_READONLY_DBMOVED: attempt to write a readonly database (INSERT INTO ItemTable VALUES (?,?)). Details: Keys: memento/workbench.editors.files.textFileEditor Length: 3173
[2020-11-22 05:33:51.046] [renderer1] [error] [storage state.vscdb] prepare(): Error: SQLITE_READONLY_DBMOVED: attempt to write a readonly database (INSERT INTO ItemTable VALUES (?,?)). Details: Keys: memento/workbench.editors.files.textFileEditor Length: 3168
[2020-11-22 05:34:51.048] [renderer1] [error] [storage state.vscdb] prepare(): Error: SQLITE_READONLY_DBMOVED: attempt to write a readonly database (INSERT INTO ItemTable VALUES (?,?),(?,?),(?,?),(?,?),(?,?)). Details: Keys: memento/workbench.parts.editor, editors.mru, history.entries, memento/workbench.editors.files.textFileEditor, workbench.explorer.treeViewState Length: 7921
[2020-11-22 05:35:51.049] [renderer1] [error] [storage state.vscdb] prepare(): Error: SQLITE_READONLY_DBMOVED: attempt to write a readonly database (INSERT INTO ItemTable VALUES (?,?)). Details: Keys: memento/workbench.editors.files.textFileEditor Length: 3172
[2020-11-22 05:36:51.060] [renderer1] [error] [storage state.vscdb] prepare(): Error: SQLITE_READONLY_DBMOVED: attempt to write a readonly database (INSERT INTO ItemTable VALUES (?,?)). Details: Keys: memento/workbench.editors.files.textFileEditor Length: 3238
[2020-11-22 05:37:51.062] [renderer1] [error] [storage state.vscdb] prepare(): Error: SQLITE_READONLY_DBMOVED: attempt to write a readonly database (INSERT INTO ItemTable VALUES (?,?)). Details: Keys: memento/workbench.editors.files.textFileEditor Length: 3236
[2020-11-22 05:38:48.868] [renderer1] [error] [storage state.vscdb] prepare(): Error: SQLITE_READONLY_DBMOVED: attempt to write a readonly database (INSERT INTO ItemTable VALUES (?,?)). Details: Keys: memento/workbench.editors.files.textFileEditor Length: 3237
[2020-11-22 05:40:51.086] [renderer1] [error] [storage state.vscdb] prepare(): Error: SQLITE_READONLY_DBMOVED: attempt to write a readonly database (INSERT INTO ItemTable VALUES (?,?)). Details: Keys: memento/workbench.editors.files.textFileEditor Length: 3238
[2020-11-22 05:40:51.382] [renderer1] [error] [storage state.vscdb] prepare(): Error: SQLITE_READONLY_DBMOVED: attempt to write a readonly database (INSERT INTO ItemTable VALUES (?,?)). Details: Keys: suggest/memories/recentlyUsed Length: 445
[2020-11-22 05:41:51.088] [renderer1] [error] [storage state.vscdb] prepare(): Error: SQLITE_READONLY_DBMOVED: attempt to write a readonly database (INSERT INTO ItemTable VALUES (?,?)). Details: Keys: memento/workbench.editors.files.textFileEditor Length: 3238
[2020-11-22 19:21:29.103] [renderer1] [error] [storage state.vscdb] prepare(): Error: SQLITE_READONLY_DBMOVED: attempt to write a readonly database (INSERT INTO ItemTable VALUES (?,?),(?,?)). Details: Keys: memento/workbench.parts.editor, memento/workbench.editors.files.textFileEditor Length: 5158
[2020-11-22 19:22:00.162] [renderer1] [error] [storage state.vscdb] prepare(): Error: SQLITE_READONLY_DBMOVED: attempt to write a readonly database (INSERT INTO ItemTable VALUES (?,?)). Details: Keys: memento/workbench.editors.files.textFileEditor Length: 3238
[2020-11-22 19:24:25.625] [renderer1] [error] [storage state.vscdb] prepare(): Error: SQLITE_READONLY_DBMOVED: attempt to write a readonly database (INSERT INTO ItemTable VALUES (?,?),(?,?)). Details: Keys: memento/workbench.parts.editor, memento/workbench.editors.files.textFileEditor Length: 5094
[2020-11-22 19:24:38.421] [renderer1] [error] [storage state.vscdb] prepare(): Error: SQLITE_READONLY_DBMOVED: attempt to write a readonly database (INSERT INTO ItemTable VALUES (?,?)). Details: Keys: memento/workbench.editors.files.textFileEditor Length: 3173
[2020-11-22 19:25:22.357] [renderer1] [error] [storage state.vscdb] prepare(): Error: SQLITE_READONLY_DBMOVED: attempt to write a readonly database (INSERT INTO ItemTable VALUES (?,?),(?,?)). Details: Keys: memento/workbench.parts.editor, memento/workbench.editors.files.textFileEditor Length: 5092
[2020-11-22 19:27:53.440] [renderer1] [error] [storage state.vscdb] prepare(): Error: SQLITE_READONLY_DBMOVED: attempt to write a readonly database (INSERT INTO ItemTable VALUES (?,?)). Details: Keys: memento/workbench.editors.files.textFileEditor Length: 3173
[2020-11-22 19:28:53.446] [renderer1] [error] [storage state.vscdb] prepare(): Error: SQLITE_READONLY_DBMOVED: attempt to write a readonly database (INSERT INTO ItemTable VALUES (?,?)). Details: Keys: memento/workbench.editors.files.textFileEditor Length: 3173
[2020-11-22 19:29:53.464] [renderer1] [error] [storage state.vscdb] prepare(): Error: SQLITE_READONLY_DBMOVED: attempt to write a readonly database (INSERT INTO ItemTable VALUES (?,?)). Details: Keys: memento/workbench.editors.files.textFileEditor Length: 3174
[2020-11-22 19:30:53.472] [renderer1] [error] [storage state.vscdb] prepare(): Error: SQLITE_READONLY_DBMOVED: attempt to write a readonly database (INSERT INTO ItemTable VALUES (?,?),(?,?),(?,?),(?,?),(?,?)). Details: Keys: memento/workbench.parts.editor, editors.mru, history.entries, memento/workbench.editors.files.textFileEditor, workbench.explorer.treeViewState Length: 7864
[2020-11-22 19:31:53.473] [renderer1] [error] [storage state.vscdb] prepare(): Error: SQLITE_READONLY_DBMOVED: attempt to write a readonly database (INSERT INTO ItemTable VALUES (?,?),(?,?),(?,?),(?,?),(?,?)). Details: Keys: memento/workbench.parts.editor, editors.mru, history.entries, memento/workbench.editors.files.textFileEditor, workbench.explorer.treeViewState Length: 7859
[2020-11-22 19:32:29.738] [renderer1] [error] [storage state.vscdb] prepare(): Error: SQLITE_READONLY_DBMOVED: attempt to write a readonly database (INSERT INTO ItemTable VALUES (?,?),(?,?),(?,?),(?,?),(?,?)). Details: Keys: memento/workbench.parts.editor, editors.mru, history.entries, memento/workbench.editors.files.textFileEditor, workbench.explorer.treeViewState Length: 7866
[2020-11-22 19:32:53.488] [renderer1] [error] [storage state.vscdb] prepare(): Error: SQLITE_READONLY_DBMOVED: attempt to write a readonly database (INSERT INTO ItemTable VALUES (?,?)). Details: Keys: memento/workbench.editors.files.textFileEditor Length: 3173
[2020-11-22 19:33:53.505] [renderer1] [error] [storage state.vscdb] prepare(): Error: SQLITE_READONLY_DBMOVED: attempt to write a readonly database (INSERT INTO ItemTable VALUES (?,?),(?,?),(?,?),(?,?),(?,?)). Details: Keys: memento/workbench.parts.editor, editors.mru, history.entries, memento/workbench.editors.files.textFileEditor, workbench.explorer.treeViewState Length: 7706
[2020-11-22 19:34:06.597] [renderer1] [error] [storage state.vscdb] prepare(): Error: SQLITE_READONLY_DBMOVED: attempt to write a readonly database (INSERT INTO ItemTable VALUES (?,?)). Details: Keys: memento/workbench.editors.files.textFileEditor Length: 3171
[2020-11-22 19:34:53.512] [renderer1] [error] [storage state.vscdb] prepare(): Error: SQLITE_READONLY_DBMOVED: attempt to write a readonly database (INSERT INTO ItemTable VALUES (?,?),(?,?)). Details: Keys: memento/workbench.editors.files.textFileEditor, workbench.explorer.treeViewState Length: 3303
[2020-11-22 19:35:39.341] [renderer1] [error] [storage state.vscdb] prepare(): Error: SQLITE_READONLY_DBMOVED: attempt to write a readonly database (INSERT INTO ItemTable VALUES (?,?)). Details: Keys: editor.wholeWord Length: 5
[2020-11-22 19:35:39.707] [renderer1] [error] [storage state.vscdb] prepare(): Error: SQLITE_READONLY_DBMOVED: attempt to write a readonly database (INSERT INTO ItemTable VALUES (?,?)). Details: Keys: editor.matchCase Length: 5
[2020-11-22 19:35:53.534] [renderer1] [error] [storage state.vscdb] prepare(): Error: SQLITE_READONLY_DBMOVED: attempt to write a readonly database (INSERT INTO ItemTable VALUES (?,?),(?,?),(?,?),(?,?),(?,?)). Details: Keys: memento/workbench.parts.editor, editors.mru, history.entries, memento/workbench.editors.files.textFileEditor, workbench.explorer.treeViewState Length: 8849
[2020-11-22 19:36:16.678] [renderer1] [error] [storage state.vscdb] prepare(): Error: SQLITE_READONLY_DBMOVED: attempt to write a readonly database (INSERT INTO ItemTable VALUES (?,?)). Details: Keys: memento/workbench.editors.files.textFileEditor Length: 3614
[2020-11-22 19:40:53.548] [renderer1] [error] [storage state.vscdb] prepare(): Error: SQLITE_READONLY_DBMOVED: attempt to write a readonly database (INSERT INTO ItemTable VALUES (?,?),(?,?),(?,?),(?,?),(?,?)). Details: Keys: memento/workbench.parts.editor, editors.mru, history.entries, memento/workbench.editors.files.textFileEditor, workbench.explorer.treeViewState Length: 8856
[2020-11-22 19:41:20.448] [renderer1] [error] [storage state.vscdb] prepare(): Error: SQLITE_READONLY_DBMOVED: attempt to write a readonly database (INSERT INTO ItemTable VALUES (?,?),(?,?)). Details: Keys: lifecyle.lastShutdownReason, codelens/cache2 Length: 909
